This is pdfTeX, Version 3.14159265-2.6-1.40.18 (TeX Live 2017/Debian) (preloaded format=pdflatex 2018.10.14)  23 SEP 2019 06:27
entering extended mode
 restricted \write18 enabled.
 %&-line parsing enabled.
**FACTIUNN.tex
(./FACTIUNN.tex
LaTeX2e <2017-04-15>
Babel <3.18> and hyphenation patterns for 5 language(s) loaded.
(/usr/share/texlive/texmf-dist/tex/latex/base/article.cls
Document Class: article 2014/09/29 v1.4h Standard LaTeX document class
(/usr/share/texlive/texmf-dist/tex/latex/base/size12.clo
File: size12.clo 2014/09/29 v1.4h Standard LaTeX file (size option)
)
\c@part=\count79
\c@section=\count80
\c@subsection=\count81
\c@subsubsection=\count82
\c@paragraph=\count83
\c@subparagraph=\count84
\c@figure=\count85
\c@table=\count86
\abovecaptionskip=\skip41
\belowcaptionskip=\skip42
\bibindent=\dimen102
)
(/usr/share/texlive/texmf-dist/tex/latex/amsmath/amsmath.sty
Package: amsmath 2017/09/02 v2.17a AMS math features
\@mathmargin=\skip43

For additional information on amsmath, use the `?' option.
(/usr/share/texlive/texmf-dist/tex/latex/amsmath/amstext.sty
Package: amstext 2000/06/29 v2.01 AMS text

(/usr/share/texlive/texmf-dist/tex/latex/amsmath/amsgen.sty
File: amsgen.sty 1999/11/30 v2.0 generic functions
\@emptytoks=\toks14
\ex@=\dimen103
))
(/usr/share/texlive/texmf-dist/tex/latex/amsmath/amsbsy.sty
Package: amsbsy 1999/11/29 v1.2d Bold Symbols
\pmbraise@=\dimen104
)
(/usr/share/texlive/texmf-dist/tex/latex/amsmath/amsopn.sty
Package: amsopn 2016/03/08 v2.02 operator names
)
\inf@bad=\count87
LaTeX Info: Redefining \frac on input line 213.
\uproot@=\count88
\leftroot@=\count89
LaTeX Info: Redefining \overline on input line 375.
\classnum@=\count90
\DOTSCASE@=\count91
LaTeX Info: Redefining \ldots on input line 472.
LaTeX Info: Redefining \dots on input line 475.
LaTeX Info: Redefining \cdots on input line 596.
\Mathstrutbox@=\box26
\strutbox@=\box27
\big@size=\dimen105
LaTeX Font Info:    Redeclaring font encoding OML on input line 712.
LaTeX Font Info:    Redeclaring font encoding OMS on input line 713.
\macc@depth=\count92
\c@MaxMatrixCols=\count93
\dotsspace@=\muskip10
\c@parentequation=\count94
\dspbrk@lvl=\count95
\tag@help=\toks15
\row@=\count96
\column@=\count97
\maxfields@=\count98
\andhelp@=\toks16
\eqnshift@=\dimen106
\alignsep@=\dimen107
\tagshift@=\dimen108
\tagwidth@=\dimen109
\totwidth@=\dimen110
\lineht@=\dimen111
\@envbody=\toks17
\multlinegap=\skip44
\multlinetaggap=\skip45
\mathdisplay@stack=\toks18
LaTeX Info: Redefining \[ on input line 2817.
LaTeX Info: Redefining \] on input line 2818.
)
(/usr/share/texlive/texmf-dist/tex/latex/amsfonts/amsfonts.sty
Package: amsfonts 2013/01/14 v3.01 Basic AMSFonts support
\symAMSa=\mathgroup4
\symAMSb=\mathgroup5
LaTeX Font Info:    Overwriting math alphabet `\mathfrak' in version `bold'
(Font)                  U/euf/m/n --> U/euf/b/n on input line 106.
)
(/usr/share/texlive/texmf-dist/tex/latex/changepage/changepage.sty
Package: changepage 2009/10/20 v1.0c check page and change page layout
\c@cp@cntr=\count99
\cp@tempcnt=\count100
)
(/usr/share/texlive/texmf-dist/tex/latex/caption/caption.sty
Package: caption 2016/02/21 v3.3-144 Customizing captions (AR)

(/usr/share/texlive/texmf-dist/tex/latex/caption/caption3.sty
Package: caption3 2016/05/22 v1.7-166 caption3 kernel (AR)
Package caption3 Info: TeX engine: e-TeX on input line 67.

(/usr/share/texlive/texmf-dist/tex/latex/graphics/keyval.sty
Package: keyval 2014/10/28 v1.15 key=value parser (DPC)
\KV@toks@=\toks19
)
\captionmargin=\dimen112
\captionmargin@=\dimen113
\captionwidth=\dimen114
\caption@tempdima=\dimen115
\caption@indent=\dimen116
\caption@parindent=\dimen117
\caption@hangindent=\dimen118
)
\c@ContinuedFloat=\count101
)
(/usr/share/texlive/texmf-dist/tex/latex/float/float.sty
Package: float 2001/11/08 v1.3d Float enhancements (AL)
\c@float@type=\count102
\float@exts=\toks20
\float@box=\box28
\@float@everytoks=\toks21
\@floatcapt=\box29
)
(/usr/share/texlive/texmf-dist/tex/latex/geometry/geometry.sty
Package: geometry 2010/09/12 v5.6 Page Geometry

(/usr/share/texlive/texmf-dist/tex/generic/oberdiek/ifpdf.sty
Package: ifpdf 2017/03/15 v3.2 Provides the ifpdf switch
)
(/usr/share/texlive/texmf-dist/tex/generic/oberdiek/ifvtex.sty
Package: ifvtex 2016/05/16 v1.6 Detect VTeX and its facilities (HO)
Package ifvtex Info: VTeX not detected.
)
(/usr/share/texlive/texmf-dist/tex/generic/ifxetex/ifxetex.sty
Package: ifxetex 2010/09/12 v0.6 Provides ifxetex conditional
)
\Gm@cnth=\count103
\Gm@cntv=\count104
\c@Gm@tempcnt=\count105
\Gm@bindingoffset=\dimen119
\Gm@wd@mp=\dimen120
\Gm@odd@mp=\dimen121
\Gm@even@mp=\dimen122
\Gm@layoutwidth=\dimen123
\Gm@layoutheight=\dimen124
\Gm@layouthoffset=\dimen125
\Gm@layoutvoffset=\dimen126
\Gm@dimlist=\toks22
)
(/usr/share/texlive/texmf-dist/tex/latex/graphics/graphicx.sty
Package: graphicx 2017/06/01 v1.1a Enhanced LaTeX Graphics (DPC,SPQR)

(/usr/share/texlive/texmf-dist/tex/latex/graphics/graphics.sty
Package: graphics 2017/06/25 v1.2c Standard LaTeX Graphics (DPC,SPQR)

(/usr/share/texlive/texmf-dist/tex/latex/graphics/trig.sty
Package: trig 2016/01/03 v1.10 sin cos tan (DPC)
)
(/usr/share/texlive/texmf-dist/tex/latex/graphics-cfg/graphics.cfg
File: graphics.cfg 2016/06/04 v1.11 sample graphics configuration
)
Package graphics Info: Driver file: pdftex.def on input line 99.

(/usr/share/texlive/texmf-dist/tex/latex/graphics-def/pdftex.def
File: pdftex.def 2018/01/08 v1.0l Graphics/color driver for pdftex
))
\Gin@req@height=\dimen127
\Gin@req@width=\dimen128
)
(/usr/share/texlive/texmf-dist/tex/latex/mathtools/mathtools.sty
Package: mathtools 2018/01/08 v1.21 mathematical typesetting tools

(/usr/share/texlive/texmf-dist/tex/latex/tools/calc.sty
Package: calc 2014/10/28 v4.3 Infix arithmetic (KKT,FJ)
\calc@Acount=\count106
\calc@Bcount=\count107
\calc@Adimen=\dimen129
\calc@Bdimen=\dimen130
\calc@Askip=\skip46
\calc@Bskip=\skip47
LaTeX Info: Redefining \setlength on input line 80.
LaTeX Info: Redefining \addtolength on input line 81.
\calc@Ccount=\count108
\calc@Cskip=\skip48
)
(/usr/share/texlive/texmf-dist/tex/latex/mathtools/mhsetup.sty
Package: mhsetup 2017/03/31 v1.3 programming setup (MH)
)
LaTeX Info: Thecontrolsequence`\('isalreadyrobust on input line 129.
LaTeX Info: Thecontrolsequence`\)'isalreadyrobust on input line 129.
LaTeX Info: Thecontrolsequence`\['isalreadyrobust on input line 129.
LaTeX Info: Thecontrolsequence`\]'isalreadyrobust on input line 129.
\g_MT_multlinerow_int=\count109
\l_MT_multwidth_dim=\dimen131
\origjot=\skip49
\l_MT_shortvdotswithinadjustabove_dim=\dimen132
\l_MT_shortvdotswithinadjustbelow_dim=\dimen133
\l_MT_above_intertext_sep=\dimen134
\l_MT_below_intertext_sep=\dimen135
\l_MT_above_shortintertext_sep=\dimen136
\l_MT_below_shortintertext_sep=\dimen137
)
(./pythonhighlight.sty
Package: pythonhighlight 2017/02/09 python code highlighting; provided by Olivi
er Verdier <olivier.verdier@gmail.com>

(/usr/share/texlive/texmf-dist/tex/latex/listings/listings.sty
\lst@mode=\count110
\lst@gtempboxa=\box30
\lst@token=\toks23
\lst@length=\count111
\lst@currlwidth=\dimen138
\lst@column=\count112
\lst@pos=\count113
\lst@lostspace=\dimen139
\lst@width=\dimen140
\lst@newlines=\count114
\lst@lineno=\count115
\lst@maxwidth=\dimen141

(/usr/share/texlive/texmf-dist/tex/latex/listings/lstmisc.sty
File: lstmisc.sty 2015/06/04 1.6 (Carsten Heinz)
\c@lstnumber=\count116
\lst@skipnumbers=\count117
\lst@framebox=\box31
)
(/usr/share/texlive/texmf-dist/tex/latex/listings/listings.cfg
File: listings.cfg 2015/06/04 1.6 listings configuration
))
Package: listings 2015/06/04 1.6 (Carsten Heinz)

(/usr/share/texlive/texmf-dist/tex/latex/xcolor/xcolor.sty
Package: xcolor 2016/05/11 v2.12 LaTeX color extensions (UK)

(/usr/share/texlive/texmf-dist/tex/latex/graphics-cfg/color.cfg
File: color.cfg 2016/01/02 v1.6 sample color configuration
)
Package xcolor Info: Driver file: pdftex.def on input line 225.
Package xcolor Info: Model `cmy' substituted by `cmy0' on input line 1348.
Package xcolor Info: Model `hsb' substituted by `rgb' on input line 1352.
Package xcolor Info: Model `RGB' extended on input line 1364.
Package xcolor Info: Model `HTML' substituted by `rgb' on input line 1366.
Package xcolor Info: Model `Hsb' substituted by `hsb' on input line 1367.
Package xcolor Info: Model `tHsb' substituted by `hsb' on input line 1368.
Package xcolor Info: Model `HSB' substituted by `hsb' on input line 1369.
Package xcolor Info: Model `Gray' substituted by `gray' on input line 1370.
Package xcolor Info: Model `wave' substituted by `hsb' on input line 1371.
))
(/usr/share/texlive/texmf-dist/tex/latex/base/textcomp.sty
Package: textcomp 2017/04/05 v2.0i Standard LaTeX package
Package textcomp Info: Sub-encoding information:
(textcomp)               5 = only ISO-Adobe without \textcurrency
(textcomp)               4 = 5 + \texteuro
(textcomp)               3 = 4 + \textohm
(textcomp)               2 = 3 + \textestimated + \textcurrency
(textcomp)               1 = TS1 - \textcircled - \t
(textcomp)               0 = TS1 (full)
(textcomp)             Font families with sub-encoding setting implement
(textcomp)             only a restricted character set as indicated.
(textcomp)             Family '?' is the default used for unknown fonts.
(textcomp)             See the documentation for details.
Package textcomp Info: Setting ? sub-encoding to TS1/1 on input line 79.

(/usr/share/texlive/texmf-dist/tex/latex/base/ts1enc.def
File: ts1enc.def 2001/06/05 v3.0e (jk/car/fm) Standard LaTeX file
)
LaTeX Info: Redefining \oldstylenums on input line 334.
Package textcomp Info: Setting cmr sub-encoding to TS1/0 on input line 349.
Package textcomp Info: Setting cmss sub-encoding to TS1/0 on input line 350.
Package textcomp Info: Setting cmtt sub-encoding to TS1/0 on input line 351.
Package textcomp Info: Setting cmvtt sub-encoding to TS1/0 on input line 352.
Package textcomp Info: Setting cmbr sub-encoding to TS1/0 on input line 353.
Package textcomp Info: Setting cmtl sub-encoding to TS1/0 on input line 354.
Package textcomp Info: Setting ccr sub-encoding to TS1/0 on input line 355.
Package textcomp Info: Setting ptm sub-encoding to TS1/4 on input line 356.
Package textcomp Info: Setting pcr sub-encoding to TS1/4 on input line 357.
Package textcomp Info: Setting phv sub-encoding to TS1/4 on input line 358.
Package textcomp Info: Setting ppl sub-encoding to TS1/3 on input line 359.
Package textcomp Info: Setting pag sub-encoding to TS1/4 on input line 360.
Package textcomp Info: Setting pbk sub-encoding to TS1/4 on input line 361.
Package textcomp Info: Setting pnc sub-encoding to TS1/4 on input line 362.
Package textcomp Info: Setting pzc sub-encoding to TS1/4 on input line 363.
Package textcomp Info: Setting bch sub-encoding to TS1/4 on input line 364.
Package textcomp Info: Setting put sub-encoding to TS1/5 on input line 365.
Package textcomp Info: Setting uag sub-encoding to TS1/5 on input line 366.
Package textcomp Info: Setting ugq sub-encoding to TS1/5 on input line 367.
Package textcomp Info: Setting ul8 sub-encoding to TS1/4 on input line 368.
Package textcomp Info: Setting ul9 sub-encoding to TS1/4 on input line 369.
Package textcomp Info: Setting augie sub-encoding to TS1/5 on input line 370.
Package textcomp Info: Setting dayrom sub-encoding to TS1/3 on input line 371.
Package textcomp Info: Setting dayroms sub-encoding to TS1/3 on input line 372.

Package textcomp Info: Setting pxr sub-encoding to TS1/0 on input line 373.
Package textcomp Info: Setting pxss sub-encoding to TS1/0 on input line 374.
Package textcomp Info: Setting pxtt sub-encoding to TS1/0 on input line 375.
Package textcomp Info: Setting txr sub-encoding to TS1/0 on input line 376.
Package textcomp Info: Setting txss sub-encoding to TS1/0 on input line 377.
Package textcomp Info: Setting txtt sub-encoding to TS1/0 on input line 378.
Package textcomp Info: Setting lmr sub-encoding to TS1/0 on input line 379.
Package textcomp Info: Setting lmdh sub-encoding to TS1/0 on input line 380.
Package textcomp Info: Setting lmss sub-encoding to TS1/0 on input line 381.
Package textcomp Info: Setting lmssq sub-encoding to TS1/0 on input line 382.
Package textcomp Info: Setting lmvtt sub-encoding to TS1/0 on input line 383.
Package textcomp Info: Setting lmtt sub-encoding to TS1/0 on input line 384.
Package textcomp Info: Setting qhv sub-encoding to TS1/0 on input line 385.
Package textcomp Info: Setting qag sub-encoding to TS1/0 on input line 386.
Package textcomp Info: Setting qbk sub-encoding to TS1/0 on input line 387.
Package textcomp Info: Setting qcr sub-encoding to TS1/0 on input line 388.
Package textcomp Info: Setting qcs sub-encoding to TS1/0 on input line 389.
Package textcomp Info: Setting qpl sub-encoding to TS1/0 on input line 390.
Package textcomp Info: Setting qtm sub-encoding to TS1/0 on input line 391.
Package textcomp Info: Setting qzc sub-encoding to TS1/0 on input line 392.
Package textcomp Info: Setting qhvc sub-encoding to TS1/0 on input line 393.
Package textcomp Info: Setting futs sub-encoding to TS1/4 on input line 394.
Package textcomp Info: Setting futx sub-encoding to TS1/4 on input line 395.
Package textcomp Info: Setting futj sub-encoding to TS1/4 on input line 396.
Package textcomp Info: Setting hlh sub-encoding to TS1/3 on input line 397.
Package textcomp Info: Setting hls sub-encoding to TS1/3 on input line 398.
Package textcomp Info: Setting hlst sub-encoding to TS1/3 on input line 399.
Package textcomp Info: Setting hlct sub-encoding to TS1/5 on input line 400.
Package textcomp Info: Setting hlx sub-encoding to TS1/5 on input line 401.
Package textcomp Info: Setting hlce sub-encoding to TS1/5 on input line 402.
Package textcomp Info: Setting hlcn sub-encoding to TS1/5 on input line 403.
Package textcomp Info: Setting hlcw sub-encoding to TS1/5 on input line 404.
Package textcomp Info: Setting hlcf sub-encoding to TS1/5 on input line 405.
Package textcomp Info: Setting pplx sub-encoding to TS1/3 on input line 406.
Package textcomp Info: Setting pplj sub-encoding to TS1/3 on input line 407.
Package textcomp Info: Setting ptmx sub-encoding to TS1/4 on input line 408.
Package textcomp Info: Setting ptmj sub-encoding to TS1/4 on input line 409.
)
(/usr/share/texlive/texmf-dist/tex/latex/url/url.sty
\Urlmuskip=\muskip11
Package: url 2013/09/16  ver 3.4  Verb mode for urls, etc.
)
(/usr/share/texlive/texmf-dist/tex/latex/tools/verbatim.sty
Package: verbatim 2014/10/28 v1.5q LaTeX2e package for verbatim enhancements
\every@verbatim=\toks24
\verbatim@line=\toks25
\verbatim@in@stream=\read1
)
(/usr/share/texlive/texmf-dist/tex/latex/appendix/appendix.sty
Package: appendix 2009/09/02 v1.2b extra appendix facilities
\c@@pps=\count118
\c@@ppsavesec=\count119
\c@@ppsaveapp=\count120
) (./FACTIUNN.aux)
\openout1 = `FACTIUNN.aux'.

LaTeX Font Info:    Checking defaults for OML/cmm/m/it on input line 23.
LaTeX Font Info:    ... okay on input line 23.
LaTeX Font Info:    Checking defaults for T1/cmr/m/n on input line 23.
LaTeX Font Info:    ... okay on input line 23.
LaTeX Font Info:    Checking defaults for OT1/cmr/m/n on input line 23.
LaTeX Font Info:    ... okay on input line 23.
LaTeX Font Info:    Checking defaults for OMS/cmsy/m/n on input line 23.
LaTeX Font Info:    ... okay on input line 23.
LaTeX Font Info:    Checking defaults for OMX/cmex/m/n on input line 23.
LaTeX Font Info:    ... okay on input line 23.
LaTeX Font Info:    Checking defaults for U/cmr/m/n on input line 23.
LaTeX Font Info:    ... okay on input line 23.
LaTeX Font Info:    Checking defaults for TS1/cmr/m/n on input line 23.
LaTeX Font Info:    Try loading font information for TS1+cmr on input line 23.
 (/usr/share/texlive/texmf-dist/tex/latex/base/ts1cmr.fd
File: ts1cmr.fd 2014/09/29 v2.5h Standard LaTeX font definitions
)
LaTeX Font Info:    ... okay on input line 23.
Package caption Info: Begin \AtBeginDocument code.
Package caption Info: float package is loaded.
Package caption Info: listings package is loaded.
Package caption Info: End \AtBeginDocument code.

*geometry* driver: auto-detecting
*geometry* detected driver: pdftex
*geometry* verbose mode - [ preamble ] result:
* driver: pdftex
* paper: a4paper
* layout: <same size as paper>
* layoutoffset:(h,v)=(0.0pt,0.0pt)
* modes: 
* h-part:(L,W,R)=(56.9055pt, 483.69684pt, 56.90553pt)
* v-part:(T,H,B)=(56.9055pt, 731.23582pt, 56.90552pt)
* \paperwidth=597.50787pt
* \paperheight=845.04684pt
* \textwidth=483.69684pt
* \textheight=731.23582pt
* \oddsidemargin=-15.36449pt
* \evensidemargin=-15.36449pt
* \topmargin=-52.36449pt
* \headheight=12.0pt
* \headsep=25.0pt
* \topskip=12.0pt
* \footskip=30.0pt
* \marginparwidth=35.0pt
* \marginparsep=10.0pt
* \columnsep=10.0pt
* \skip\footins=10.8pt plus 4.0pt minus 2.0pt
* \hoffset=0.0pt
* \voffset=0.0pt
* \mag=1000
* \@twocolumnfalse
* \@twosidefalse
* \@mparswitchfalse
* \@reversemarginfalse
* (1in=72.27pt=25.4mm, 1cm=28.453pt)

(/usr/share/texlive/texmf-dist/tex/context/base/mkii/supp-pdf.mkii
[Loading MPS to PDF converter (version 2006.09.02).]
\scratchcounter=\count121
\scratchdimen=\dimen142
\scratchbox=\box32
\nofMPsegments=\count122
\nofMParguments=\count123
\everyMPshowfont=\toks26
\MPscratchCnt=\count124
\MPscratchDim=\dimen143
\MPnumerator=\count125
\makeMPintoPDFobject=\count126
\everyMPtoPDFconversion=\toks27
) (/usr/share/texlive/texmf-dist/tex/latex/oberdiek/epstopdf-base.sty
Package: epstopdf-base 2016/05/15 v2.6 Base part for package epstopdf

(/usr/share/texlive/texmf-dist/tex/generic/oberdiek/infwarerr.sty
Package: infwarerr 2016/05/16 v1.4 Providing info/warning/error messages (HO)
)
(/usr/share/texlive/texmf-dist/tex/latex/oberdiek/grfext.sty
Package: grfext 2016/05/16 v1.2 Manage graphics extensions (HO)

(/usr/share/texlive/texmf-dist/tex/generic/oberdiek/kvdefinekeys.sty
Package: kvdefinekeys 2016/05/16 v1.4 Define keys (HO)

(/usr/share/texlive/texmf-dist/tex/generic/oberdiek/ltxcmds.sty
Package: ltxcmds 2016/05/16 v1.23 LaTeX kernel commands for general use (HO)
)))
(/usr/share/texlive/texmf-dist/tex/latex/oberdiek/kvoptions.sty
Package: kvoptions 2016/05/16 v3.12 Key value format for package options (HO)

(/usr/share/texlive/texmf-dist/tex/generic/oberdiek/kvsetkeys.sty
Package: kvsetkeys 2016/05/16 v1.17 Key value parser (HO)

(/usr/share/texlive/texmf-dist/tex/generic/oberdiek/etexcmds.sty
Package: etexcmds 2016/05/16 v1.6 Avoid name clashes with e-TeX commands (HO)

(/usr/share/texlive/texmf-dist/tex/generic/oberdiek/ifluatex.sty
Package: ifluatex 2016/05/16 v1.4 Provides the ifluatex switch (HO)
Package ifluatex Info: LuaTeX not detected.
)
Package etexcmds Info: Could not find \expanded.
(etexcmds)             That can mean that you are not using pdfTeX 1.50 or
(etexcmds)             that some package has redefined \expanded.
(etexcmds)             In the latter case, load this package earlier.
)))
(/usr/share/texlive/texmf-dist/tex/generic/oberdiek/pdftexcmds.sty
Package: pdftexcmds 2018/01/21 v0.26 Utility functions of pdfTeX for LuaTeX (HO
)
Package pdftexcmds Info: LuaTeX not detected.
Package pdftexcmds Info: \pdf@primitive is available.
Package pdftexcmds Info: \pdf@ifprimitive is available.
Package pdftexcmds Info: \pdfdraftmode found.
)
Package epstopdf-base Info: Redefining graphics rule for `.eps' on input line 4
38.
Package grfext Info: Graphics extension search list:
(grfext)             [.pdf,.png,.jpg,.mps,.jpeg,.jbig2,.jb2,.PDF,.PNG,.JPG,.JPE
G,.JBIG2,.JB2,.eps]
(grfext)             \AppendGraphicsExtensions on input line 456.

(/usr/share/texlive/texmf-dist/tex/latex/latexconfig/epstopdf-sys.cfg
File: epstopdf-sys.cfg 2010/07/13 v1.3 Configuration of (r)epstopdf for TeX Liv
e
))
\c@lstlisting=\count127
<CoverPage/UoBlogo.pdf, id=1, 756.73315pt x 323.16734pt>
File: CoverPage/UoBlogo.pdf Graphic file (type pdf)
<use CoverPage/UoBlogo.pdf>
Package pdftex.def Info: CoverPage/UoBlogo.pdf  used on input line 27.
(pdftex.def)             Requested size: 227.62204pt x 97.20737pt.
<CoverPage/CCFElogo.jpeg, id=2, 1026.83624pt x 344.28625pt>
File: CoverPage/CCFElogo.jpeg Graphic file (type jpg)
<use CoverPage/CCFElogo.jpeg>
Package pdftex.def Info: CoverPage/CCFElogo.jpeg  used on input line 35.
(pdftex.def)             Requested size: 169.71837pt x 56.9055pt.
<CoverPage/UKAEAlogo.jpeg, id=3, 518.93875pt x 517.935pt>
File: CoverPage/UKAEAlogo.jpeg Graphic file (type jpg)
<use CoverPage/UKAEAlogo.jpeg>
Package pdftex.def Info: CoverPage/UKAEAlogo.jpeg  used on input line 39.
(pdftex.def)             Requested size: 85.51825pt x 85.35826pt.
LaTeX Font Info:    Try loading font information for U+msa on input line 44.

(/usr/share/texlive/texmf-dist/tex/latex/amsfonts/umsa.fd
File: umsa.fd 2013/01/14 v3.01 AMS symbols A
)
LaTeX Font Info:    Try loading font information for U+msb on input line 44.

(/usr/share/texlive/texmf-dist/tex/latex/amsfonts/umsb.fd
File: umsb.fd 2013/01/14 v3.01 AMS symbols B
)
Overfull \hbox (39.52997pt too wide) in paragraph at lines 44--52
 [][] 
 []

[1

{/var/lib/texmf/fonts/map/pdftex/updmap/pdftex.map} <./CoverPage/UoBlogo.pdf> <
./CoverPage/CCFElogo.jpeg> <./CoverPage/UKAEAlogo.jpeg>] (./FACTIUNN.toc)
\tf@toc=\write3
\openout3 = `FACTIUNN.toc'.


(./FACTIUNN.lof)
\tf@lof=\write4
\openout4 = `FACTIUNN.lof'.

 [2] [3]
Overfull \hbox (2.03735pt too wide) in paragraph at lines 136--141
\OT1/cmr/m/n/10.95 where the re-ac-tion rate $\OML/cmm/m/it/10.95 Z[]$ \OT1/cmr
/m/n/10.95 has the unit of $\OML/cmm/m/it/10.95 s[]$\OT1/cmr/m/n/10.95 , $\OML/
cmm/m/it/10.95 ^^^[]$ \OT1/cmr/m/n/10.95 is the neu-tron flux (unit: $\OML/cmm/
m/it/10.95 cm[]s[]eV[]$\OT1/cmr/m/n/10.95 ),
 []

[4] [5] [6] [7]
Overfull \hbox (20.89598pt too wide) in paragraph at lines 329--330
\OT1/cmr/m/n/10.95 ``would-have-been" fea-tures from the pre-dicted la-bels us-
ing $[] = \OML/cmm/m/it/10.95 f\OT1/cmr/m/n/10.95 ([])$,
 []

[8]
Overfull \hbox (2.25525pt too wide) in paragraph at lines 387--387
[]\OT1/cmr/bx/n/17.28 How to in-fer the un-cer-tainty ($\OML/cmm/m/it/17.28 ^^[
$\OT1/cmr/bx/n/17.28 ) as-so-ci-ated with
 []

[9] (./FACTIUNN.bbl
Missing character: There is no ƒ in font cmr10!
Missing character: There is no ç in font cmr10!
Missing character: There is no ≈ in font cmr10!
Missing character: There is no Ñ in font cmr10!
Missing character: There is no Ã in font cmr10!
Missing character: There is no Å in font cmr10!
)
(/usr/share/texlive/texmf-dist/tex/latex/listings/lstlang1.sty
File: lstlang1.sty 2015/06/04 1.6 listings language file
)
(/home/ocean/Documents/GitHubDir/unfolding/unfolding/unfoldingsuite/neuralnetwo
rk/neuralnetworklibrary.py
LaTeX Font Info:    Font shape `OT1/cmtt/bx/n' in size <10> not available
(Font)              Font shape `OT1/cmtt/m/n' tried instead on input line 1.
 [10] [11] [12] [13] [14]
Overfull \hbox (1.22314pt too wide) in paragraph at lines 229--230
[][] 
 []

[15]
Overfull \hbox (108.32294pt too wide) in paragraph at lines 268--269
[][][][] 
 []


Overfull \hbox (1.22314pt too wide) in paragraph at lines 268--269
[][][][] 
 []


Overfull \hbox (1.22314pt too wide) in paragraph at lines 268--269
[][][][] 
 []

[16]
Overfull \hbox (20.12311pt too wide) in paragraph at lines 299--300
[][] 
 []

[17] [18]
Overfull \hbox (32.72308pt too wide) in paragraph at lines 371--372
[][][][] 
 []


Overfull \hbox (20.12311pt too wide) in paragraph at lines 378--379
[][][][] 
 []

[19] [20] [21] [22]
Overfull \hbox (20.12311pt too wide) in paragraph at lines 514--515
[][] 
 []


Overfull \hbox (102.02295pt too wide) in paragraph at lines 531--532
[][] 
 []


Overfull \hbox (70.52301pt too wide) in paragraph at lines 531--532
[][] 
 []


Overfull \hbox (64.22302pt too wide) in paragraph at lines 531--532
[]  
 []

[23] [24] [25] [26]
Overfull \hbox (76.823pt too wide) in paragraph at lines 705--706
[][][][] 
 []

[27] [28]
Overfull \hbox (76.823pt too wide) in paragraph at lines 748--749
[][][][] 
 []

[29] [30]
Overfull \hbox (146.12286pt too wide) in paragraph at lines 827--828
[][][][] 
 []


Overfull \hbox (76.823pt too wide) in paragraph at lines 827--828
[][][][] 
 []


Overfull \hbox (76.823pt too wide) in paragraph at lines 827--828
[][][] 
 []


Overfull \hbox (76.823pt too wide) in paragraph at lines 827--828
[][] 
 []


Overfull \hbox (76.823pt too wide) in paragraph at lines 827--828
[][] 
 []


Overfull \hbox (76.823pt too wide) in paragraph at lines 827--828
[][] 
 []


Overfull \hbox (76.823pt too wide) in paragraph at lines 827--828
[][] 
 []


Overfull \hbox (76.823pt too wide) in paragraph at lines 827--828
[][] 
 []


Overfull \hbox (76.823pt too wide) in paragraph at lines 827--828
[][] 
 []


Overfull \hbox (76.823pt too wide) in paragraph at lines 827--828
[][] 
 []


Overfull \hbox (76.823pt too wide) in paragraph at lines 827--828
[][] 
 []


Overfull \hbox (70.52301pt too wide) in paragraph at lines 827--828
[]  
 []


Overfull \hbox (253.22266pt too wide) in paragraph at lines 828--829
[][][][] 
 []


Overfull \hbox (177.6228pt too wide) in paragraph at lines 828--829
[][][][] 
 []


Overfull \hbox (177.6228pt too wide) in paragraph at lines 828--829
[][][] 
 []


Overfull \hbox (177.6228pt too wide) in paragraph at lines 828--829
[][] 
 []


Overfull \hbox (177.6228pt too wide) in paragraph at lines 828--829
[][] 
 []


Overfull \hbox (177.6228pt too wide) in paragraph at lines 828--829
[][] 
 []


Overfull \hbox (177.6228pt too wide) in paragraph at lines 828--829
[][] 
 []


Overfull \hbox (177.6228pt too wide) in paragraph at lines 828--829
[][] 
 []


Overfull \hbox (177.6228pt too wide) in paragraph at lines 828--829
[][] 
 []


Overfull \hbox (177.6228pt too wide) in paragraph at lines 828--829
[][] 
 []


Overfull \hbox (177.6228pt too wide) in paragraph at lines 828--829
[][][] 
 []


Overfull \hbox (177.6228pt too wide) in paragraph at lines 828--829
[][][] 
 []


Overfull \hbox (177.6228pt too wide) in paragraph at lines 828--829
[][] 
 []


Overfull \hbox (177.6228pt too wide) in paragraph at lines 828--829
[][] 
 []


Overfull \hbox (171.32281pt too wide) in paragraph at lines 828--829
[]  
 []

[31]
LaTeX Font Info:    Try loading font information for TS1+cmtt on input line 880
.
 (/usr/share/texlive/texmf-dist/tex/latex/base/ts1cmtt.fd
File: ts1cmtt.fd 2014/09/29 v2.5h Standard LaTeX font definitions
) [32] [33]
Overfull \hbox (70.52301pt too wide) in paragraph at lines 937--938
[][][][] 
 []


Overfull \hbox (70.52301pt too wide) in paragraph at lines 938--939
[][][][] 
 []


Overfull \hbox (70.52301pt too wide) in paragraph at lines 939--940
[][][][] 
 []


Overfull \hbox (70.52301pt too wide) in paragraph at lines 946--947
[][][][] 
 []


Overfull \hbox (7.52313pt too wide) in paragraph at lines 967--968
[][][][] 
 []

[34]
Overfull \hbox (32.72308pt too wide) in paragraph at lines 982--983
[][] 
 []

[35]
Overfull \hbox (76.823pt too wide) in paragraph at lines 1009--1011
[][] 
 []


Overfull \hbox (76.823pt too wide) in paragraph at lines 1018--1019
[][][] 
 []


Overfull \hbox (76.823pt too wide) in paragraph at lines 1018--1019
[][] 
 []


Overfull \hbox (76.823pt too wide) in paragraph at lines 1018--1019
[][] 
 []


Overfull \hbox (76.823pt too wide) in paragraph at lines 1018--1019
[][] 
 []


Overfull \hbox (76.823pt too wide) in paragraph at lines 1018--1019
[][] 
 []


Overfull \hbox (76.823pt too wide) in paragraph at lines 1018--1019
[][] 
 []


Overfull \hbox (76.823pt too wide) in paragraph at lines 1018--1019
[][] 
 []


Overfull \hbox (76.823pt too wide) in paragraph at lines 1018--1019
[][] 
 []


Overfull \hbox (76.823pt too wide) in paragraph at lines 1018--1019
[][][] 
 []


Overfull \hbox (76.823pt too wide) in paragraph at lines 1018--1019
[][][] 
 []


Overfull \hbox (76.823pt too wide) in paragraph at lines 1018--1019
[][] 
 []


Overfull \hbox (70.52301pt too wide) in paragraph at lines 1018--1019
[]  
 []

[36])
(/home/ocean/Documents/GitHubDir/unfolding/unfolding/unfoldingsuite/neuralnetwo
rk/neuralnetworktrainer.py [37] [38]
Overfull \hbox (13.82312pt too wide) in paragraph at lines 86--87
[][][][] 
 []


Overfull \hbox (7.52313pt too wide) in paragraph at lines 101--103
[][] 
 []

[39]
Overfull \hbox (26.4231pt too wide) in paragraph at lines 143--144
[][][][] 
 []

[40]
Overfull \hbox (209.12274pt too wide) in paragraph at lines 186--187
[][][][] 
 []

[41])
(/home/ocean/Documents/GitHubDir/unfolding/unfolding/unfoldingsuite/neuralnetwo
rk/realinputEarlyStopping/comparison/comparison_with_existing.py [42] [43])
(/home/ocean/Documents/GitHubDir/unfolding/unfolding/unfoldingsuite/neuralnetwo
rk/demogenerator/simple_non_singular_case.py [44])
(/home/ocean/Documents/GitHubDir/unfolding/unfolding/unfoldingsuite/neuralnetwo
rk/demogenerator/spectrumrandomizer.py [45] [46] [47] [48] [49])
(/home/ocean/Documents/GitHubDir/unfolding/unfolding/unfoldingsuite/neuralnetwo
rk/script_for_demo.py [50])
Overfull \hbox (8.6881pt too wide) in paragraph at lines 445--445
[]\OT1/cmr/bx/n/17.28 Selecting from UKAEA and IAEA com-pendium 
 []


(/home/ocean/Documents/GitHubDir/unfolding/unfolding/unfoldingsuite/neuralnetwo
rk/Link_UKAEA_IAEA_Compendium/getrealdata.py [51] [52] [53])
(/home/ocean/Documents/GitHubDir/unfolding/unfolding/unfoldingsuite/neuralnetwo
rk/realinputEarlyStopping/hyperparameterinput.py [54]
Overfull \hbox (253.22266pt too wide) in paragraph at lines 23--25
[][][][] 
 []

[55] [56] [57])
(/home/ocean/Documents/GitHubDir/unfolding/unfolding/unfoldingsuite/neuralnetwo
rk/realoutputEarlyStopping/hyperparameteroutput.py [58] [59]
Overfull \hbox (26.4231pt too wide) in paragraph at lines 95--96
[][][][] 
 []

[60] [61])
(/home/ocean/Documents/GitHubDir/unfolding/unfolding/unfoldingsuite/neuralnetwo
rk/realoutputEarlyStopping/hyperparameteroptimizer.py
Overfull \hbox (265.82263pt too wide) in paragraph at lines 23--24
[][][][] 
 []

[62]) [63] (./FACTIUNN.aux) ) 
Here is how much of TeX's memory you used:
 8728 strings out of 494880
 132062 string characters out of 6179600
 508812 words of memory out of 5000000
 11883 multiletter control sequences out of 15000+600000
 18477 words of font info for 69 fonts, out of 8000000 for 9000
 36 hyphenation exceptions out of 8191
 41i,15n,52p,1071b,2134s stack positions out of 5000i,500n,10000p,200000b,80000s
 </home/ocean/.texlive2017/texmf-var/fonts/pk/ljfo
ur/jknappen/ec/tctt1000.600pk> </home/ocean/.texlive2017/texmf-var/fonts/pk/ljf
our/jknappen/ec/tcst1000.600pk> </home/ocean/.texlive2017/texmf-var/fonts/pk/lj
four/jknappen/ec/tcrm1095.600pk></usr/share/texlive/texmf-dist/fonts/type1/publ
ic/amsfonts/cm/cmbx10.pfb></usr/share/texlive/texmf-dist/fonts/type1/public/ams
fonts/cm/cmbx12.pfb></usr/share/texlive/texmf-dist/fonts/type1/public/amsfonts/
cm/cmbx8.pfb></usr/share/texlive/texmf-dist/fonts/type1/public/amsfonts/cm/cmex
10.pfb></usr/share/texlive/texmf-dist/fonts/type1/public/amsfonts/cm/cmmi10.pfb
></usr/share/texlive/texmf-dist/fonts/type1/public/amsfonts/cm/cmmi12.pfb></usr
/share/texlive/texmf-dist/fonts/type1/public/amsfonts/cm/cmmi6.pfb></usr/share/
texlive/texmf-dist/fonts/type1/public/amsfonts/cm/cmmi8.pfb></usr/share/texlive
/texmf-dist/fonts/type1/public/amsfonts/cm/cmmib10.pfb></usr/share/texlive/texm
f-dist/fonts/type1/public/amsfonts/cm/cmr10.pfb></usr/share/texlive/texmf-dist/
fonts/type1/public/amsfonts/cm/cmr12.pfb></usr/share/texlive/texmf-dist/fonts/t
ype1/public/amsfonts/cm/cmr6.pfb></usr/share/texlive/texmf-dist/fonts/type1/pub
lic/amsfonts/cm/cmr8.pfb></usr/share/texlive/texmf-dist/fonts/type1/public/amsf
onts/cm/cmsltt10.pfb></usr/share/texlive/texmf-dist/fonts/type1/public/amsfonts
/cm/cmsy10.pfb></usr/share/texlive/texmf-dist/fonts/type1/public/amsfonts/cm/cm
sy6.pfb></usr/share/texlive/texmf-dist/fonts/type1/public/amsfonts/cm/cmsy8.pfb
></usr/share/texlive/texmf-dist/fonts/type1/public/amsfonts/cm/cmti10.pfb></usr
/share/texlive/texmf-dist/fonts/type1/public/amsfonts/cm/cmtt10.pfb></usr/share
/texlive/texmf-dist/fonts/type1/public/amsfonts/symbols/msbm10.pfb>
Output written on FACTIUNN.pdf (63 pages, 1403208 bytes).
PDF statistics:
 311 PDF objects out of 1000 (max. 8388607)
 215 compressed objects within 3 object streams
 0 named destinations out of 1000 (max. 500000)
 16 words of extra memory for PDF output out of 10000 (max. 10000000)

