simulated data:
/home/ocean/Documents/GitHubDir/unfolding/unfolding/unfoldingsuite/neuralnetwork/simulated_data/lossabove1e-1/0918_0228_2_layer_128_256_mse_inc_test_258_fluence.png
/home/ocean/Documents/GitHubDir/unfolding/unfolding/unfoldingsuite/neuralnetwork/simulated_data/lossabove1e-1/0918_0228_2_layer_128_256_mse_inc_test_258_activities.png

fusion fusion:
	#0926_1935_0_layerfinal_investigation_2_test_001_ -> 0927_0215_0_layerfinal_inv_0_test_001_
/home/ocean/Documents/GitHubDir/unfolding/unfolding/unfoldingsuite/neuralnetwork/realoutputEarlyStopping/SelectedNNreplicated/fusion-fusion-final/0926_1935_0_layerfinal_investigation_2_test_001_
	#0926_1933_1_layerfinal_investigation_1_test_001_ -> 0927_0217_1_layerfinal_inv_1_test_001_
/home/ocean/Documents/GitHubDir/unfolding/unfolding/unfoldingsuite/neuralnetwork/realoutputEarlyStopping/SelectedNNreplicated/fusion-fusion-final/0926_1933_1_layerfinal_investigation_1_test_001_
	#0918_0332_2_layer_typical_mse_including_folded_test_001_ -> 0927_0219_2_layerfinal_inv_2_test_001_
/home/ocean/Documents/GitHubDir/unfolding/unfolding/unfoldingsuite/neuralnetwork/realoutputEarlyStopping/SelectedNNreplicated/fusion-fusion/0918_0332_2_layer_typical_mse_including_folded_test_001_
	#0918_0332_5_layer_top_right_anomaly_test_00	->	0927_0220_5_layerfinal_inv_5_test_00
/home/ocean/Documents/GitHubDir/unfolding/unfolding/unfoldingsuite/neuralnetwork/realoutputEarlyStopping/SelectedNNreplicated/fusion-fusion/0918_0332_5_layer_top_right_anomaly_test_001_
/home/ocean/Documents/GitHubDir/unfolding/unfolding/unfoldingsuite/neuralnetwork/realoutputEarlyStopping/SelectedNNreplicated/fusion-fusion/0918_0332_5_layer_top_right_anomaly_test_002_
/home/ocean/Documents/GitHubDir/unfolding/unfolding/unfoldingsuite/neuralnetwork/realoutputEarlyStopping/SelectedNNreplicated/fusion-fusion/0918_0332_5_layer_top_right_anomaly_test_003_
/home/ocean/Documents/GitHubDir/unfolding/unfolding/unfoldingsuite/neuralnetwork/realoutputEarlyStopping/SelectedNNreplicated/fusion-fusion/0918_0332_5_layer_top_right_anomaly_test_000_
fission fusion:
	# 0918_0325_5_layer_test_mse_1 -> 0927_0226_5_layer_test_mse_1
/home/ocean/Documents/GitHubDir/unfolding/unfolding/unfoldingsuite/neuralnetwork/realoutputEarlyStopping/SelectedNNreplicated/fission-fusion/0918_0325_5_layer_test_mse_1_test_007_
/home/ocean/Documents/GitHubDir/unfolding/unfolding/unfoldingsuite/neuralnetwork/realoutputEarlyStopping/SelectedNNreplicated/fission-fusion/0918_0325_5_layer_test_mse_1_test_016_

#/home/ocean/Documents/GitHubDir/unfolding/unfolding/unfoldingsuite/neuralnetwork/realinputEarlyStopping/comparison/real_fusion_test_gravel_test_001_
#/home/ocean/Documents/GitHubDir/unfolding/unfolding/unfoldingsuite/neuralnetwork/realinputEarlyStopping/comparison/real_fusion_test_maxed_test_001_
#/home/ocean/Documents/GitHubDir/unfolding/unfolding/unfoldingsuite/neuralnetwork/realinputEarlyStopping/comparison/real_fusion_test_gravel_nn_a_priori_test_001_
